warning: unnecessary `unsafe` block
  --> crates/airl-rt/src/thread.rs:96:26
   |
96 |             let result = unsafe { airl_call_closure(cl, std::ptr::null(), 0) };
   |                          ^^^^^^ unnecessary `unsafe` block
   |
   = note: `#[warn(unused_unsafe)]` (part of `#[warn(unused)]`) on by default

warning: unnecessary `unsafe` block
  --> crates/airl-rt/src/thread.rs:97:13
   |
97 |             unsafe { crate::memory::airl_value_release(cl) };
   |             ^^^^^^ unnecessary `unsafe` block

warning: `airl-rt` (lib) generated 2 warnings
warning: airl-runtime@0.6.1: Embedded libairl_rt.a: 48502814 -> 13334661 bytes (compressed)
    Finished `release` profile [optimized] target(s) in 0.09s
warning: unnecessary `unsafe` block
  --> crates/airl-rt/src/thread.rs:96:26
   |
96 |             let result = unsafe { airl_call_closure(cl, std::ptr::null(), 0) };
   |                          ^^^^^^ unnecessary `unsafe` block
   |
   = note: `#[warn(unused_unsafe)]` (part of `#[warn(unused)]`) on by default

warning: unnecessary `unsafe` block
  --> crates/airl-rt/src/thread.rs:97:13
   |
97 |             unsafe { crate::memory::airl_value_release(cl) };
   |             ^^^^^^ unnecessary `unsafe` block

warning: `airl-rt` (lib) generated 2 warnings
warning: airl-runtime@0.6.1: Embedded libairl_rt.a: 48502814 -> 13334661 bytes (compressed)
    Finished `release` profile [optimized] target(s) in 0.09s
     Running `target/release/airl-driver run --load bootstrap/lexer.airl --load bootstrap/parser.airl --load bootstrap/bc_compiler.airl bootstrap/g3_compiler.airl -- bootstrap/lexer.airl bootstrap/parser.airl bootstrap/bc_compiler.airl bootstrap/g3_compiler.airl -o g3`
