warning: unused import: `rt_nil`
 --> crates/airl-rt/src/io.rs:1:29
  |
1 | use crate::value::{rt_bool, rt_nil, rt_str, rt_unit, RtData, RtValue};
  |                             ^^^^^^
  |
  = note: `#[warn(unused_imports)]` (part of `#[warn(unused)]`) on by default

warning: unused import: `TAG_BOOL`
 --> crates/airl-rt/src/thread.rs:1:46
  |
1 | use crate::value::{RtData, RtValue, TAG_INT, TAG_BOOL};
  |                                              ^^^^^^^^

warning: unnecessary `unsafe` block
  --> crates/airl-rt/src/thread.rs:92:18
   |
92 |     let handle = unsafe {
   |                  ^^^^^^ unnecessary `unsafe` block
   |
   = note: `#[warn(unused_unsafe)]` (part of `#[warn(unused)]`) on by default

warning: unused variable: `closure_send`
  --> crates/airl-rt/src/thread.rs:88:9
   |
88 |     let closure_send = SendPtr(closure);
   |         ^^^^^^^^^^^^ help: if this is intentional, prefix it with an underscore: `_closure_send`
   |
   = note: `#[warn(unused_variables)]` (part of `#[warn(unused)]`) on by default

warning: `airl-rt` (lib) generated 4 warnings (run `cargo fix --lib -p airl-rt` to apply 3 suggestions)
warning: airl-runtime@0.6.1: Embedded libairl_rt.a: 48502814 -> 13334661 bytes (compressed)
warning: unreachable pattern
   --> crates/airl-runtime/src/bytecode_vm.rs:141:13
    |
141 |             _ => Value::Nil,
    |             ^ no value can reach this
    |
note: multiple earlier patterns match some of the same values
   --> crates/airl-runtime/src/bytecode_vm.rs:141:13
    |
101 |             RtData::Nil      => Value::Nil,
    |             ----------- matches some of the same values
102 |             RtData::Unit     => Value::Unit,
    |             ------------ matches some of the same values
103 |             RtData::Int(n)   => Value::Int(*n),
    |             -------------- matches some of the same values
104 |             RtData::Float(f) => Value::Float(*f),
    |             ---------------- matches some of the same values
...
141 |             _ => Value::Nil,
    |             ^ ...and 6 other patterns collectively make this unreachable
    = note: `#[warn(unreachable_patterns)]` (part of `#[warn(unused)]`) on by default

warning: value assigned to `last_was_terminator` is never read
    --> crates/airl-runtime/src/bytecode_aot.rs:1410:17
     |
1410 |                 last_was_terminator = false;
     |                 ^^^^^^^^^^^^^^^^^^^^^^^^^^^
     |
     = help: maybe it is overwritten before being read?
     = note: `#[warn(unused_assignments)]` (part of `#[warn(unused)]`) on by default

warning: method `invoke_in_nested_frame` is never used
    --> crates/airl-runtime/src/bytecode_vm.rs:1543:8
     |
 671 | impl BytecodeVm {
     | --------------- method in this implementation
...
1543 |     fn invoke_in_nested_frame(&mut self, name: &str, args: Vec<Value>) -> Result<Value, RuntimeError> {
     |        ^^^^^^^^^^^^^^^^^^^^^^
     |
     = note: `#[warn(dead_code)]` (part of `#[warn(unused)]`) on by default

warning: method `is_eligible` is never used
    --> crates/airl-runtime/src/bytecode_aot.rs:1006:8
     |
 417 | impl BytecodeAot {
     | ---------------- method in this implementation
...
1006 |     fn is_eligible(
     |        ^^^^^^^^^^^

warning: `airl-runtime` (lib) generated 4 warnings
    Finished `release` profile [optimized] target(s) in 0.08s
warning: unused import: `rt_nil`
 --> crates/airl-rt/src/io.rs:1:29
  |
1 | use crate::value::{rt_bool, rt_nil, rt_str, rt_unit, RtData, RtValue};
  |                             ^^^^^^
  |
  = note: `#[warn(unused_imports)]` (part of `#[warn(unused)]`) on by default

warning: unused import: `TAG_BOOL`
 --> crates/airl-rt/src/thread.rs:1:46
  |
1 | use crate::value::{RtData, RtValue, TAG_INT, TAG_BOOL};
  |                                              ^^^^^^^^

warning: unnecessary `unsafe` block
  --> crates/airl-rt/src/thread.rs:92:18
   |
92 |     let handle = unsafe {
   |                  ^^^^^^ unnecessary `unsafe` block
   |
   = note: `#[warn(unused_unsafe)]` (part of `#[warn(unused)]`) on by default

warning: unused variable: `closure_send`
  --> crates/airl-rt/src/thread.rs:88:9
   |
88 |     let closure_send = SendPtr(closure);
   |         ^^^^^^^^^^^^ help: if this is intentional, prefix it with an underscore: `_closure_send`
   |
   = note: `#[warn(unused_variables)]` (part of `#[warn(unused)]`) on by default

warning: `airl-rt` (lib) generated 4 warnings (run `cargo fix --lib -p airl-rt` to apply 3 suggestions)
warning: airl-runtime@0.6.1: Embedded libairl_rt.a: 48502814 -> 13334661 bytes (compressed)
warning: unreachable pattern
   --> crates/airl-runtime/src/bytecode_vm.rs:141:13
    |
141 |             _ => Value::Nil,
    |             ^ no value can reach this
    |
note: multiple earlier patterns match some of the same values
   --> crates/airl-runtime/src/bytecode_vm.rs:141:13
    |
101 |             RtData::Nil      => Value::Nil,
    |             ----------- matches some of the same values
102 |             RtData::Unit     => Value::Unit,
    |             ------------ matches some of the same values
103 |             RtData::Int(n)   => Value::Int(*n),
    |             -------------- matches some of the same values
104 |             RtData::Float(f) => Value::Float(*f),
    |             ---------------- matches some of the same values
...
141 |             _ => Value::Nil,
    |             ^ ...and 6 other patterns collectively make this unreachable
    = note: `#[warn(unreachable_patterns)]` (part of `#[warn(unused)]`) on by default

warning: value assigned to `last_was_terminator` is never read
    --> crates/airl-runtime/src/bytecode_aot.rs:1410:17
     |
1410 |                 last_was_terminator = false;
     |                 ^^^^^^^^^^^^^^^^^^^^^^^^^^^
     |
     = help: maybe it is overwritten before being read?
     = note: `#[warn(unused_assignments)]` (part of `#[warn(unused)]`) on by default

warning: method `invoke_in_nested_frame` is never used
    --> crates/airl-runtime/src/bytecode_vm.rs:1543:8
     |
 671 | impl BytecodeVm {
     | --------------- method in this implementation
...
1543 |     fn invoke_in_nested_frame(&mut self, name: &str, args: Vec<Value>) -> Result<Value, RuntimeError> {
     |        ^^^^^^^^^^^^^^^^^^^^^^
     |
     = note: `#[warn(dead_code)]` (part of `#[warn(unused)]`) on by default

warning: method `is_eligible` is never used
    --> crates/airl-runtime/src/bytecode_aot.rs:1006:8
     |
 417 | impl BytecodeAot {
     | ---------------- method in this implementation
...
1006 |     fn is_eligible(
     |        ^^^^^^^^^^^

warning: `airl-runtime` (lib) generated 4 warnings
    Finished `release` profile [optimized] target(s) in 0.08s
     Running `target/release/airl-driver run --load bootstrap/lexer.airl --load bootstrap/parser.airl --load bootstrap/bc_compiler.airl bootstrap/g3_compiler.airl -- bootstrap/lexer.airl bootstrap/parser.airl bootstrap/bc_compiler.airl bootstrap/g3_compiler.airl -o g3`
