warning: airl-runtime@0.5.2: Embedded libairl_rt.a: 48249666 -> 13277088 bytes (compressed)
warning: value assigned to `last_was_terminator` is never read
    --> crates/airl-runtime/src/bytecode_aot.rs:1346:17
     |
1346 |                 last_was_terminator = false;
     |                 ^^^^^^^^^^^^^^^^^^^^^^^^^^^
     |
     = help: maybe it is overwritten before being read?
     = note: `#[warn(unused_assignments)]` (part of `#[warn(unused)]`) on by default

warning: `airl-runtime` (lib) generated 1 warning
warning: unused `Result` that must be used
    --> crates/airl-driver/src/pipeline.rs:1083:9
     |
1083 |         aot.compile_all(std::slice::from_ref(func), &func_map);
     |         ^^^^^^^^^^^^^^^^^^^^^^^^^^^^^^^^^^^^^^^^^^^^^^^^^^^^^^
     |
     = note: this `Result` may be an `Err` variant, which should be handled
     = note: `#[warn(unused_must_use)]` (part of `#[warn(unused)]`) on by default
help: use `let _ = ...` to ignore the resulting value
     |
1083 |         let _ = aot.compile_all(std::slice::from_ref(func), &func_map);
     |         +++++++

warning: `airl-driver` (lib) generated 1 warning
    Finished `release` profile [optimized] target(s) in 0.31s
     Running `target/release/airl-driver run --load bootstrap/lexer.airl --load bootstrap/parser.airl --load bootstrap/bc_compiler.airl bootstrap/g3_compiler.airl -- bootstrap/lexer.airl bootstrap/parser.airl bootstrap/bc_compiler.airl bootstrap/g3_compiler.airl -o g3`
"[g3] " 85 " stdlib functions
"
"[g3] " 282 " total -> " "g3" "
"
/usr/bin/ld: g3.o: warning: relocation against `airl_tail' in read-only section `.text'
/usr/bin/ld: warning: creating DT_TEXTREL in a PIE
"[g3] done
"
